d:\microsoftos\win10sysprog\instdrv\instdrv\x64\debug\instdrv.pch
d:\microsoftos\win10sysprog\instdrv\instdrv\x64\debug\vc142.pdb
d:\microsoftos\win10sysprog\instdrv\instdrv\x64\debug\vc142.idb
d:\microsoftos\win10sysprog\instdrv\instdrv\x64\debug\stdafx.obj
d:\microsoftos\win10sysprog\instdrv\instdrv\x64\debug\maindlg.obj
d:\microsoftos\win10sysprog\instdrv\instdrv\x64\debug\sysmanager.obj
d:\microsoftos\win10sysprog\instdrv\instdrv\x64\debug\instdrv.obj
d:\microsoftos\win10sysprog\instdrv\instdrv\x64\debug\aboutdlg.obj
d:\microsoftos\win10sysprog\instdrv\x64\debug\instdrv.ilk
d:\microsoftos\win10sysprog\instdrv\x64\debug\instdrv.exe
d:\microsoftos\win10sysprog\instdrv\x64\debug\instdrv.pdb
d:\microsoftos\win10sysprog\instdrv\instdrv\x64\debug\instdrv.res
d:\microsoftos\win10sysprog\instdrv\instdrv\x64\debug\instdrv.tlog\cl.command.1.tlog
d:\microsoftos\win10sysprog\instdrv\instdrv\x64\debug\instdrv.tlog\cl.read.1.tlog
d:\microsoftos\win10sysprog\instdrv\instdrv\x64\debug\instdrv.tlog\cl.write.1.tlog
d:\microsoftos\win10sysprog\instdrv\instdrv\x64\debug\instdrv.tlog\link.command.1.tlog
d:\microsoftos\win10sysprog\instdrv\instdrv\x64\debug\instdrv.tlog\link.read.1.tlog
d:\microsoftos\win10sysprog\instdrv\instdrv\x64\debug\instdrv.tlog\link.write.1.tlog
d:\microsoftos\win10sysprog\instdrv\instdrv\x64\debug\instdrv.tlog\rc.command.1.tlog
d:\microsoftos\win10sysprog\instdrv\instdrv\x64\debug\instdrv.tlog\rc.read.1.tlog
d:\microsoftos\win10sysprog\instdrv\instdrv\x64\debug\instdrv.tlog\rc.write.1.tlog
